{"/Users/byronmatto/Sites/retreat/index.test.js":{"path":"/Users/byronmatto/Sites/retreat/index.test.js","s":{"1":1,"2":1,"3":1,"4":1},"b":{},"f":{"1":1,"2":1},"fnMap":{"1":{"name":"(anonymous_1)","line":3,"loc":{"start":{"line":3,"column":18},"end":{"line":3,"column":24}}},"2":{"name":"(anonymous_2)","line":4,"loc":{"start":{"line":4,"column":16},"end":{"line":4,"column":22}}}},"statementMap":{"1":{"start":{"line":1,"column":0},"end":{"line":null,"column":null}},"2":{"start":{"line":3,"column":0},"end":{"line":null,"column":null}},"3":{"start":{"line":4,"column":5},"end":{"line":null,"column":null}},"4":{"start":{"line":5,"column":11},"end":{"line":null,"column":null}}},"branchMap":{}}}